SecureChatApp/app/build/intermediates/manifest_merge_blame_file/debug/processDebugMainManifest/manifest-merger-blame-debug-report.txt
1<?xml version="1.0" encoding="utf-8"?>
2<manifest xmlns:android="http://schemas.android.com/apk/res/android"
3    package="com.example.securechatapp"
4    android:versionCode="1"
5    android:versionName="1.0" >
6
7    <uses-sdk
8        android:minSdkVersion="24"
9        android:targetSdkVersion="34" />
10    <!--
11    <application
12        android:allowBackup="true"
13        android:dataExtractionRules="@xml/data_extraction_rules"
14        android:fullBackupContent="@xml/backup_rules"
15        android:icon="@mipmap/ic_launcher"
16        android:label="@string/app_name"
17        android:roundIcon="@mipmap/ic_launcher_round"
18        android:supportsRtl="true"
19        android:theme="@style/Theme.SecureChatApp"
20        tools:targetApi="31">
21        <activity
22            android:name=".MainActivity"
23            android:exported="true">
24            <intent-filter>
25                <action android:name="android.intent.action.MAIN" />
26
27                <category android:name="android.intent.category.LAUNCHER" />
28            </intent-filter>
29        </activity>
30    </application>
31    -->
32    <uses-permission android:name="android.permission.INTERNET" />
32-->src\main\AndroidManifest.xml:26:5-67
32-->src\main\AndroidManifest.xml:26:22-64
33    <uses-permission android:name="android.permission.ACCESS_NETWORK_STATE" />
33-->src\main\AndroidManifest.xml:27:5-79
33-->src\main\AndroidManifest.xml:27:22-76
34    <uses-permission android:name="com.google.android.providers.gsf.permission.READ_GSERVICES" />
34-->[com.google.android.recaptcha:recaptcha:18.4.0] AndroidManifest.xml:9:5-98
34-->[com.google.android.recaptcha:recaptcha:18.4.0] AndroidManifest.xml:9:22-95
35
36    <permission
36-->[androidx.core:core:1.9.0] AndroidManifest.xml:22:5-24:47
37        android:name="com.example.securechatapp.DYNAMIC_RECEIVER_NOT_EXPORTED_PERMISSION"
37-->[androidx.core:core:1.9.0] AndroidManifest.xml:23:9-81
38        android:protectionLevel="signature" />
38-->[androidx.core:core:1.9.0] AndroidManifest.xml:24:9-44
39
40    <uses-permission android:name="com.example.securechatapp.DYNAMIC_RECEIVER_NOT_EXPORTED_PERMISSION" />
40-->[androidx.core:core:1.9.0] AndroidManifest.xml:26:5-97
40-->[androidx.core:core:1.9.0] AndroidManifest.xml:26:22-94
41
42    <application
42-->src\main\AndroidManifest.xml:29:5-64:19
43        android:allowBackup="true"
43-->src\main\AndroidManifest.xml:30:9-35
44        android:appComponentFactory="androidx.core.app.CoreComponentFactory"
44-->[androidx.core:core:1.9.0] AndroidManifest.xml:28:18-86
45        android:debuggable="true"
46        android:extractNativeLibs="false"
47        android:fullBackupContent="false"
47-->src\main\AndroidManifest.xml:31:9-42
48        android:icon="@drawable/ic_launcher_background"
48-->src\main\AndroidManifest.xml:32:9-56
49        android:label="SECURE MESSAGING APP"
49-->src\main\AndroidManifest.xml:33:9-45
50        android:roundIcon="@mipmap/ic_launcher_round"
50-->src\main\AndroidManifest.xml:34:9-54
51        android:supportsRtl="true"
51-->src\main\AndroidManifest.xml:35:9-35
52        android:testOnly="true"
53        android:theme="@style/AppTheme" >
53-->src\main\AndroidManifest.xml:36:9-40
54        <activity
54-->src\main\AndroidManifest.xml:38:9-40:40
55            android:name="com.example.securechatapp.ChatActivity"
55-->src\main\AndroidManifest.xml:39:13-41
56            android:exported="false" />
56-->src\main\AndroidManifest.xml:40:13-37
57        <activity
57-->src\main\AndroidManifest.xml:41:9-43:40
58            android:name="com.example.securechatapp.Username"
58-->src\main\AndroidManifest.xml:42:13-37
59            android:exported="false" />
59-->src\main\AndroidManifest.xml:43:13-37
60        <activity
60-->src\main\AndroidManifest.xml:44:9-48:45
61            android:name="com.example.securechatapp.VerifyOTPActivity"
61-->src\main\AndroidManifest.xml:45:13-46
62            android:screenOrientation="portrait"
62-->src\main\AndroidManifest.xml:46:13-49
63            android:windowSoftInputMode="adjustResize" />
63-->src\main\AndroidManifest.xml:47:13-55
64        <activity
64-->src\main\AndroidManifest.xml:49:9-60:20
65            android:name="com.example.securechatapp.SendOTPActivity"
65-->src\main\AndroidManifest.xml:50:13-44
66            android:exported="true"
66-->src\main\AndroidManifest.xml:51:13-36
67            android:screenOrientation="portrait"
67-->src\main\AndroidManifest.xml:52:13-49
68            android:windowSoftInputMode="adjustResize" >
68-->src\main\AndroidManifest.xml:53:13-55
69            <intent-filter>
69-->src\main\AndroidManifest.xml:55:13-59:29
70                <action android:name="android.intent.action.MAIN" />
70-->src\main\AndroidManifest.xml:56:17-69
70-->src\main\AndroidManifest.xml:56:25-66
71
72                <category android:name="android.intent.category.LAUNCHER" />
72-->src\main\AndroidManifest.xml:58:17-77
72-->src\main\AndroidManifest.xml:58:27-74
73            </intent-filter>
74        </activity>
75        <activity
75-->src\main\AndroidManifest.xml:61:9-63:52
76            android:name="com.example.securechatapp.MainActivity"
76-->src\main\AndroidManifest.xml:62:13-41
77            android:screenOrientation="portrait" />
77-->src\main\AndroidManifest.xml:63:13-49
78        <activity
78-->[com.google.firebase:firebase-auth:22.3.1] AndroidManifest.xml:29:9-46:20
79            android:name="com.google.firebase.auth.internal.GenericIdpActivity"
79-->[com.google.firebase:firebase-auth:22.3.1] AndroidManifest.xml:30:13-80
80            android:excludeFromRecents="true"
80-->[com.google.firebase:firebase-auth:22.3.1] AndroidManifest.xml:31:13-46
81            android:exported="true"
81-->[com.google.firebase:firebase-auth:22.3.1] AndroidManifest.xml:32:13-36
82            android:launchMode="singleTask"
82-->[com.google.firebase:firebase-auth:22.3.1] AndroidManifest.xml:33:13-44
83            android:theme="@android:style/Theme.Translucent.NoTitleBar" >
83-->[com.google.firebase:firebase-auth:22.3.1] AndroidManifest.xml:34:13-72
84            <intent-filter>
84-->[com.google.firebase:firebase-auth:22.3.1] AndroidManifest.xml:35:13-45:29
85                <action android:name="android.intent.action.VIEW" />
85-->[com.google.firebase:firebase-auth:22.3.1] AndroidManifest.xml:36:17-69
85-->[com.google.firebase:firebase-auth:22.3.1] AndroidManifest.xml:36:25-66
86
87                <category android:name="android.intent.category.DEFAULT" />
87-->[com.google.firebase:firebase-auth:22.3.1] AndroidManifest.xml:38:17-76
87-->[com.google.firebase:firebase-auth:22.3.1] AndroidManifest.xml:38:27-73
88                <category android:name="android.intent.category.BROWSABLE" />
88-->[com.google.firebase:firebase-auth:22.3.1] AndroidManifest.xml:39:17-78
88-->[com.google.firebase:firebase-auth:22.3.1] AndroidManifest.xml:39:27-75
89
90                <data
90-->[com.google.firebase:firebase-auth:22.3.1] AndroidManifest.xml:41:17-44:51
91                    android:host="firebase.auth"
91-->[com.google.firebase:firebase-auth:22.3.1] AndroidManifest.xml:42:21-49
92                    android:path="/"
92-->[com.google.firebase:firebase-auth:22.3.1] AndroidManifest.xml:43:21-37
93                    android:scheme="genericidp" />
93-->[com.google.firebase:firebase-auth:22.3.1] AndroidManifest.xml:44:21-48
94            </intent-filter>
95        </activity>
96        <activity
96-->[com.google.firebase:firebase-auth:22.3.1] AndroidManifest.xml:47:9-64:20
97            android:name="com.google.firebase.auth.internal.RecaptchaActivity"
97-->[com.google.firebase:firebase-auth:22.3.1] AndroidManifest.xml:48:13-79
98            android:excludeFromRecents="true"
98-->[com.google.firebase:firebase-auth:22.3.1] AndroidManifest.xml:49:13-46
99            android:exported="true"
99-->[com.google.firebase:firebase-auth:22.3.1] AndroidManifest.xml:50:13-36
100            android:launchMode="singleTask"
100-->[com.google.firebase:firebase-auth:22.3.1] AndroidManifest.xml:51:13-44
101            android:theme="@android:style/Theme.Translucent.NoTitleBar" >
101-->[com.google.firebase:firebase-auth:22.3.1] AndroidManifest.xml:52:13-72
102            <intent-filter>
102-->[com.google.firebase:firebase-auth:22.3.1] AndroidManifest.xml:53:13-63:29
103                <action android:name="android.intent.action.VIEW" />
103-->[com.google.firebase:firebase-auth:22.3.1] AndroidManifest.xml:36:17-69
103-->[com.google.firebase:firebase-auth:22.3.1] AndroidManifest.xml:36:25-66
104
105                <category android:name="android.intent.category.DEFAULT" />
105-->[com.google.firebase:firebase-auth:22.3.1] AndroidManifest.xml:38:17-76
105-->[com.google.firebase:firebase-auth:22.3.1] AndroidManifest.xml:38:27-73
106                <category android:name="android.intent.category.BROWSABLE" />
106-->[com.google.firebase:firebase-auth:22.3.1] AndroidManifest.xml:39:17-78
106-->[com.google.firebase:firebase-auth:22.3.1] AndroidManifest.xml:39:27-75
107
108                <data
108-->[com.google.firebase:firebase-auth:22.3.1] AndroidManifest.xml:41:17-44:51
109                    android:host="firebase.auth"
109-->[com.google.firebase:firebase-auth:22.3.1] AndroidManifest.xml:42:21-49
110                    android:path="/"
110-->[com.google.firebase:firebase-auth:22.3.1] AndroidManifest.xml:43:21-37
111                    android:scheme="recaptcha" />
111-->[com.google.firebase:firebase-auth:22.3.1] AndroidManifest.xml:44:21-48
112            </intent-filter>
113        </activity>
114
115        <service
115-->[com.google.firebase:firebase-auth:22.3.1] AndroidManifest.xml:66:9-72:19
116            android:name="com.google.firebase.components.ComponentDiscoveryService"
116-->[com.google.firebase:firebase-auth:22.3.1] AndroidManifest.xml:67:13-84
117            android:directBootAware="true"
117-->[com.google.firebase:firebase-common:20.4.3] AndroidManifest.xml:32:13-43
118            android:exported="false" >
118-->[com.google.firebase:firebase-auth:22.3.1] AndroidManifest.xml:68:13-37
119            <meta-data
119-->[com.google.firebase:firebase-auth:22.3.1] AndroidManifest.xml:69:13-71:85
120                android:name="com.google.firebase.components:com.google.firebase.auth.FirebaseAuthRegistrar"
120-->[com.google.firebase:firebase-auth:22.3.1] AndroidManifest.xml:70:17-109
121                android:value="com.google.firebase.components.ComponentRegistrar" />
121-->[com.google.firebase:firebase-auth:22.3.1] AndroidManifest.xml:71:17-82
122            <meta-data
122-->[com.google.firebase:firebase-firestore:24.11.1] AndroidManifest.xml:17:13-19:85
123                android:name="com.google.firebase.components:com.google.firebase.firestore.FirebaseFirestoreKtxRegistrar"
123-->[com.google.firebase:firebase-firestore:24.11.1] AndroidManifest.xml:18:17-122
124                android:value="com.google.firebase.components.ComponentRegistrar" />
124-->[com.google.firebase:firebase-firestore:24.11.1] AndroidManifest.xml:19:17-82
125            <meta-data
125-->[com.google.firebase:firebase-firestore:24.11.1] AndroidManifest.xml:20:13-22:85
126                android:name="com.google.firebase.components:com.google.firebase.firestore.FirestoreRegistrar"
126-->[com.google.firebase:firebase-firestore:24.11.1] AndroidManifest.xml:21:17-111
127                android:value="com.google.firebase.components.ComponentRegistrar" />
127-->[com.google.firebase:firebase-firestore:24.11.1] AndroidManifest.xml:22:17-82
128            <meta-data
128-->[com.google.firebase:firebase-common-ktx:20.4.3] AndroidManifest.xml:12:13-14:85
129                android:name="com.google.firebase.components:com.google.firebase.ktx.FirebaseCommonLegacyRegistrar"
129-->[com.google.firebase:firebase-common-ktx:20.4.3] AndroidManifest.xml:13:17-116
130                android:value="com.google.firebase.components.ComponentRegistrar" />
130-->[com.google.firebase:firebase-common-ktx:20.4.3] AndroidManifest.xml:14:17-82
131            <meta-data
131-->[com.google.firebase:firebase-common:20.4.3] AndroidManifest.xml:35:13-37:85
132                android:name="com.google.firebase.components:com.google.firebase.FirebaseCommonKtxRegistrar"
132-->[com.google.firebase:firebase-common:20.4.3] AndroidManifest.xml:36:17-109
133                android:value="com.google.firebase.components.ComponentRegistrar" />
133-->[com.google.firebase:firebase-common:20.4.3] AndroidManifest.xml:37:17-82
134        </service>
135
136        <activity
136-->[com.google.android.gms:play-services-base:18.0.1] AndroidManifest.xml:20:9-22:45
137            android:name="com.google.android.gms.common.api.GoogleApiActivity"
137-->[com.google.android.gms:play-services-base:18.0.1] AndroidManifest.xml:20:19-85
138            android:exported="false"
138-->[com.google.android.gms:play-services-base:18.0.1] AndroidManifest.xml:22:19-43
139            android:theme="@android:style/Theme.Translucent.NoTitleBar" />
139-->[com.google.android.gms:play-services-base:18.0.1] AndroidManifest.xml:21:19-78
140
141        <provider
141-->[com.google.firebase:firebase-common:20.4.3] AndroidManifest.xml:23:9-28:39
142            android:name="com.google.firebase.provider.FirebaseInitProvider"
142-->[com.google.firebase:firebase-common:20.4.3] AndroidManifest.xml:24:13-77
143            android:authorities="com.example.securechatapp.firebaseinitprovider"
143-->[com.google.firebase:firebase-common:20.4.3] AndroidManifest.xml:25:13-72
144            android:directBootAware="true"
144-->[com.google.firebase:firebase-common:20.4.3] AndroidManifest.xml:26:13-43
145            android:exported="false"
145-->[com.google.firebase:firebase-common:20.4.3] AndroidManifest.xml:27:13-37
146            android:initOrder="100" />
146-->[com.google.firebase:firebase-common:20.4.3] AndroidManifest.xml:28:13-36
147        <provider
147-->[androidx.emoji2:emoji2:1.2.0] AndroidManifest.xml:24:9-32:20
148            android:name="androidx.startup.InitializationProvider"
148-->[androidx.emoji2:emoji2:1.2.0] AndroidManifest.xml:25:13-67
149            android:authorities="com.example.securechatapp.androidx-startup"
149-->[androidx.emoji2:emoji2:1.2.0] AndroidManifest.xml:26:13-68
150            android:exported="false" >
150-->[androidx.emoji2:emoji2:1.2.0] AndroidManifest.xml:27:13-37
151            <meta-data
151-->[androidx.emoji2:emoji2:1.2.0] AndroidManifest.xml:29:13-31:52
152                android:name="androidx.emoji2.text.EmojiCompatInitializer"
152-->[androidx.emoji2:emoji2:1.2.0] AndroidManifest.xml:30:17-75
153                android:value="androidx.startup" />
153-->[androidx.emoji2:emoji2:1.2.0] AndroidManifest.xml:31:17-49
154            <meta-data
154-->[androidx.lifecycle:lifecycle-process:2.6.1] AndroidManifest.xml:29:13-31:52
155                android:name="androidx.lifecycle.ProcessLifecycleInitializer"
155-->[androidx.lifecycle:lifecycle-process:2.6.1] AndroidManifest.xml:30:17-78
156                android:value="androidx.startup" />
156-->[androidx.lifecycle:lifecycle-process:2.6.1] AndroidManifest.xml:31:17-49
157            <meta-data
157-->[androidx.profileinstaller:profileinstaller:1.3.0] AndroidManifest.xml:29:13-31:52
158                android:name="androidx.profileinstaller.ProfileInstallerInitializer"
158-->[androidx.profileinstaller:profileinstaller:1.3.0] AndroidManifest.xml:30:17-85
159                android:value="androidx.startup" />
159-->[androidx.profileinstaller:profileinstaller:1.3.0] AndroidManifest.xml:31:17-49
160        </provider>
161
162        <meta-data
162-->[com.google.android.gms:play-services-basement:18.3.0] AndroidManifest.xml:21:9-23:69
163            android:name="com.google.android.gms.version"
163-->[com.google.android.gms:play-services-basement:18.3.0] AndroidManifest.xml:22:13-58
164            android:value="@integer/google_play_services_version" />
164-->[com.google.android.gms:play-services-basement:18.3.0] AndroidManifest.xml:23:13-66
165
166        <receiver
166-->[androidx.profileinstaller:profileinstaller:1.3.0] AndroidManifest.xml:34:9-52:20
167            android:name="androidx.profileinstaller.ProfileInstallReceiver"
167-->[androidx.profileinstaller:profileinstaller:1.3.0] AndroidManifest.xml:35:13-76
168            android:directBootAware="false"
168-->[androidx.profileinstaller:profileinstaller:1.3.0] AndroidManifest.xml:36:13-44
169            android:enabled="true"
169-->[androidx.profileinstaller:profileinstaller:1.3.0] AndroidManifest.xml:37:13-35
170            android:exported="true"
170-->[androidx.profileinstaller:profileinstaller:1.3.0] AndroidManifest.xml:38:13-36
171            android:permission="android.permission.DUMP" >
171-->[androidx.profileinstaller:profileinstaller:1.3.0] AndroidManifest.xml:39:13-57
172            <intent-filter>
172-->[androidx.profileinstaller:profileinstaller:1.3.0] AndroidManifest.xml:40:13-42:29
173                <action android:name="androidx.profileinstaller.action.INSTALL_PROFILE" />
173-->[androidx.profileinstaller:profileinstaller:1.3.0] AndroidManifest.xml:41:17-91
173-->[androidx.profileinstaller:profileinstaller:1.3.0] AndroidManifest.xml:41:25-88
174            </intent-filter>
175            <intent-filter>
175-->[androidx.profileinstaller:profileinstaller:1.3.0] AndroidManifest.xml:43:13-45:29
176                <action android:name="androidx.profileinstaller.action.SKIP_FILE" />
176-->[androidx.profileinstaller:profileinstaller:1.3.0] AndroidManifest.xml:44:17-85
176-->[androidx.profileinstaller:profileinstaller:1.3.0] AndroidManifest.xml:44:25-82
177            </intent-filter>
178            <intent-filter>
178-->[androidx.profileinstaller:profileinstaller:1.3.0] AndroidManifest.xml:46:13-48:29
179                <action android:name="androidx.profileinstaller.action.SAVE_PROFILE" />
179-->[androidx.profileinstaller:profileinstaller:1.3.0] AndroidManifest.xml:47:17-88
179-->[androidx.profileinstaller:profileinstaller:1.3.0] AndroidManifest.xml:47:25-85
180            </intent-filter>
181            <intent-filter>
181-->[androidx.profileinstaller:profileinstaller:1.3.0] AndroidManifest.xml:49:13-51:29
182                <action android:name="androidx.profileinstaller.action.BENCHMARK_OPERATION" />
182-->[androidx.profileinstaller:profileinstaller:1.3.0] AndroidManifest.xml:50:17-95
182-->[androidx.profileinstaller:profileinstaller:1.3.0] AndroidManifest.xml:50:25-92
183            </intent-filter>
184        </receiver>
185    </application>
186
187</manifest>